<?xml version="1.0" encoding="UTF-8"?>
<testng-results ignored="0" total="1" passed="1" failed="0" skipped="0">
  <reporter-output>
  </reporter-output>
  <suite started-at="2024-04-04T12:12:42 IST" name="Default suite" finished-at="2024-04-04T12:13:09 IST" duration-ms="26488">
    <groups>
    </groups>
    <test started-at="2024-04-04T12:12:42 IST" name="Default test" finished-at="2024-04-04T12:13:09 IST" duration-ms="26488">
      <class name="Testngpkg.Amazonesampleprgm">
        <test-method is-config="true" signature="setup()[pri:0, instance:Testngpkg.Amazonesampleprgm@1b11171f]" started-at="2024-04-04T12:12:42 IST" name="setup" finished-at="2024-04-04T12:12:45 IST" duration-ms="2846" status="PASS">
          <reporter-output>
          </reporter-output>
        </test-method> <!-- setup -->
        <test-method signature="amazonpagemtd()[pri:0, instance:Testngpkg.Amazonesampleprgm@1b11171f]" started-at="2024-04-04T12:12:45 IST" name="amazonpagemtd" finished-at="2024-04-04T12:13:09 IST" duration-ms="23599" status="PASS">
          <reporter-output>
          </reporter-output>
        </test-method> <!-- amazonpagemtd -->
      </class> <!-- Testngpkg.Amazonesampleprgm -->
    </test> <!-- Default test -->
  </suite> <!-- Default suite -->
</testng-results>
